<?xml version="1.0" encoding="UTF-8"?>
<!-- Generated by org.testng.reporters.JUnitReportReporter -->
<testsuite skipped="0" hostname="WKWIN9370960" name="com.absolutedata.AbsoluteData.LoginTest" tests="1" failures="0" timestamp="21 Mar 2020 07:30:37 GMT" time="42.341" errors="0">
  <testcase name="getLogin" time="42.341" classname="com.absolutedata.AbsoluteData.LoginTest"/>
</testsuite> <!-- com.absolutedata.AbsoluteData.LoginTest -->
